<?xml version="1.0" encoding="UTF-8"?>
<!-- Generated by org.testng.reporters.JUnitReportReporter -->
<testsuite hostname="DESKTOP-AQ6DBTF" failures="0" tests="1" name="com.anushancse.contactsapptesting.apitesting.GetContact" time="4.557" errors="0" timestamp="2025-04-19T21:02:13 IST" skipped="0">
  <testcase classname="com.anushancse.contactsapptesting.apitesting.GetContact" name="getContact" time="4.557"/>
  <system-out/>
</testsuite> <!-- com.anushancse.contactsapptesting.apitesting.GetContact -->
