<?xml version="1.0" encoding="UTF-8"?>
<!-- Generated by org.testng.reporters.JUnitReportReporter -->
<testsuite hostname="DESKTOP-AQ6DBTF" failures="0" tests="1" name="com.anushancse.contactsapptesting.apitesting.LogoutUser" time="4.580" errors="0" timestamp="2025-04-19T21:03:50 IST" skipped="0">
  <testcase classname="com.anushancse.contactsapptesting.apitesting.LogoutUser" name="logout" time="4.580"/>
  <system-out/>
</testsuite> <!-- com.anushancse.contactsapptesting.apitesting.LogoutUser -->
